Performing system checks...

System check identified no issues (0 silenced).
April 02, 2026 - 22:09:34
Django version 5.0.6, using settings 'config.settings.development'
Starting ASGI/Daphne version 4.1.2 development server at http://0.0.0.0:8000/
Quit the server with CTRL-BREAK.
Performing system checks...

System check identified no issues (0 silenced).
April 02, 2026 - 22:22:15
Django version 5.0.6, using settings 'config.settings.development'
Starting ASGI/Daphne version 4.1.2 development server at http://0.0.0.0:8000/
Quit the server with CTRL-BREAK.
Performing system checks...

System check identified no issues (0 silenced).
April 02, 2026 - 22:22:48
Django version 5.0.6, using settings 'config.settings.development'
Starting ASGI/Daphne version 4.1.2 development server at http://0.0.0.0:8000/
Quit the server with CTRL-BREAK.
Performing system checks...

System check identified no issues (0 silenced).
April 02, 2026 - 22:23:02
Django version 5.0.6, using settings 'config.settings.development'
Starting ASGI/Daphne version 4.1.2 development server at http://0.0.0.0:8000/
Quit the server with CTRL-BREAK.
Performing system checks...

System check identified no issues (0 silenced).
April 02, 2026 - 22:23:11
Django version 5.0.6, using settings 'config.settings.development'
Starting ASGI/Daphne version 4.1.2 development server at http://0.0.0.0:8000/
Quit the server with CTRL-BREAK.
Performing system checks...

System check identified no issues (0 silenced).
April 02, 2026 - 22:23:44
Django version 5.0.6, using settings 'config.settings.development'
Starting ASGI/Daphne version 4.1.2 development server at http://0.0.0.0:8000/
Quit the server with CTRL-BREAK.
Performing system checks...

System check identified no issues (0 silenced).
April 02, 2026 - 22:24:05
Django version 5.0.6, using settings 'config.settings.development'
Starting ASGI/Daphne version 4.1.2 development server at http://0.0.0.0:8000/
Quit the server with CTRL-BREAK.
Performing system checks...

System check identified no issues (0 silenced).
April 02, 2026 - 22:32:53
Django version 5.0.6, using settings 'config.settings.development'
Starting ASGI/Daphne version 4.1.2 development server at http://0.0.0.0:8000/
Quit the server with CTRL-BREAK.
Performing system checks...

System check identified no issues (0 silenced).
April 02, 2026 - 22:35:20
Django version 5.0.6, using settings 'config.settings.development'
Starting ASGI/Daphne version 4.1.2 development server at http://0.0.0.0:8000/
Quit the server with CTRL-BREAK.
Performing system checks...

System check identified no issues (0 silenced).
April 02, 2026 - 22:39:09
Django version 5.0.6, using settings 'config.settings.development'
Starting ASGI/Daphne version 4.1.2 development server at http://0.0.0.0:8000/
Quit the server with CTRL-BREAK.
Performing system checks...

System check identified no issues (0 silenced).
April 02, 2026 - 22:52:06
Django version 5.0.6, using settings 'config.settings.development'
Starting ASGI/Daphne version 4.1.2 development server at http://0.0.0.0:8000/
Quit the server with CTRL-BREAK.
Performing system checks...

System check identified no issues (0 silenced).
April 02, 2026 - 22:52:18
Django version 5.0.6, using settings 'config.settings.development'
Starting ASGI/Daphne version 4.1.2 development server at http://0.0.0.0:8000/
Quit the server with CTRL-BREAK.
Performing system checks...

System check identified no issues (0 silenced).
April 02, 2026 - 23:09:50
Django version 5.0.6, using settings 'config.settings.development'
Starting ASGI/Daphne version 4.1.2 development server at http://0.0.0.0:8000/
Quit the server with CTRL-BREAK.
Performing system checks...

System check identified no issues (0 silenced).
April 02, 2026 - 23:10:49
Django version 5.0.6, using settings 'config.settings.development'
Starting ASGI/Daphne version 4.1.2 development server at http://0.0.0.0:8000/
Quit the server with CTRL-BREAK.
Performing system checks...

System check identified no issues (0 silenced).
April 02, 2026 - 23:11:10
Django version 5.0.6, using settings 'config.settings.development'
Starting ASGI/Daphne version 4.1.2 development server at http://0.0.0.0:8000/
Quit the server with CTRL-BREAK.
Performing system checks...

System check identified no issues (0 silenced).
April 02, 2026 - 23:11:34
Django version 5.0.6, using settings 'config.settings.development'
Starting ASGI/Daphne version 4.1.2 development server at http://0.0.0.0:8000/
Quit the server with CTRL-BREAK.
Performing system checks...

System check identified no issues (0 silenced).
April 02, 2026 - 23:28:47
Django version 5.0.6, using settings 'config.settings.development'
Starting ASGI/Daphne version 4.1.2 development server at http://0.0.0.0:8000/
Quit the server with CTRL-BREAK.
Performing system checks...

System check identified no issues (0 silenced).
April 02, 2026 - 23:29:01
Django version 5.0.6, using settings 'config.settings.development'
Starting ASGI/Daphne version 4.1.2 development server at http://0.0.0.0:8000/
Quit the server with CTRL-BREAK.
Performing system checks...

System check identified no issues (0 silenced).
April 02, 2026 - 23:29:10
Django version 5.0.6, using settings 'config.settings.development'
Starting ASGI/Daphne version 4.1.2 development server at http://0.0.0.0:8000/
Quit the server with CTRL-BREAK.
Performing system checks...

System check identified no issues (0 silenced).
April 02, 2026 - 23:40:32
Django version 5.0.6, using settings 'config.settings.development'
Starting ASGI/Daphne version 4.1.2 development server at http://0.0.0.0:8000/
Quit the server with CTRL-BREAK.
Performing system checks...

System check identified no issues (0 silenced).
April 03, 2026 - 13:13:19
Django version 5.0.6, using settings 'config.settings.development'
Starting ASGI/Daphne version 4.1.2 development server at http://0.0.0.0:8000/
Quit the server with CTRL-BREAK.
Performing system checks...

System check identified no issues (0 silenced).
April 03, 2026 - 13:16:59
Django version 5.0.6, using settings 'config.settings.development'
Starting ASGI/Daphne version 4.1.2 development server at http://0.0.0.0:8000/
Quit the server with CTRL-BREAK.
Performing system checks...

Performing system checks...

Performing system checks...

Performing system checks...

System check identified no issues (0 silenced).
April 03, 2026 - 13:17:17
Django version 5.0.6, using settings 'config.settings.development'
Starting ASGI/Daphne version 4.1.2 development server at http://0.0.0.0:8000/
Quit the server with CTRL-BREAK.
Performing system checks...

System check identified no issues (0 silenced).
April 03, 2026 - 13:27:48
Django version 5.0.6, using settings 'config.settings.development'
Starting ASGI/Daphne version 4.1.2 development server at http://0.0.0.0:8000/
Quit the server with CTRL-BREAK.
Performing system checks...

System check identified no issues (0 silenced).
April 03, 2026 - 13:27:54
Django version 5.0.6, using settings 'config.settings.development'
Starting ASGI/Daphne version 4.1.2 development server at http://0.0.0.0:8000/
Quit the server with CTRL-BREAK.
Performing system checks...

System check identified no issues (0 silenced).
April 03, 2026 - 13:27:59
Django version 5.0.6, using settings 'config.settings.development'
Starting ASGI/Daphne version 4.1.2 development server at http://0.0.0.0:8000/
Quit the server with CTRL-BREAK.
Performing system checks...

System check identified no issues (0 silenced).
April 03, 2026 - 13:35:15
Django version 5.0.6, using settings 'config.settings.development'
Starting ASGI/Daphne version 4.1.2 development server at http://0.0.0.0:8000/
Quit the server with CTRL-BREAK.
Performing system checks...

System check identified no issues (0 silenced).
April 03, 2026 - 13:35:24
Django version 5.0.6, using settings 'config.settings.development'
Starting ASGI/Daphne version 4.1.2 development server at http://0.0.0.0:8000/
Quit the server with CTRL-BREAK.
Performing system checks...

System check identified no issues (0 silenced).
April 03, 2026 - 13:35:30
Django version 5.0.6, using settings 'config.settings.development'
Starting ASGI/Daphne version 4.1.2 development server at http://0.0.0.0:8000/
Quit the server with CTRL-BREAK.
Performing system checks...

System check identified no issues (0 silenced).
April 03, 2026 - 13:56:05
Django version 5.0.6, using settings 'config.settings.development'
Starting ASGI/Daphne version 4.1.2 development server at http://0.0.0.0:8000/
Quit the server with CTRL-BREAK.
Performing system checks...

System check identified no issues (0 silenced).
April 04, 2026 - 00:11:36
Django version 5.0.6, using settings 'config.settings.development'
Starting ASGI/Daphne version 4.1.2 development server at http://0.0.0.0:8000/
Quit the server with CTRL-BREAK.
Performing system checks...

System check identified no issues (0 silenced).
April 04, 2026 - 00:11:42
Django version 5.0.6, using settings 'config.settings.development'
Starting ASGI/Daphne version 4.1.2 development server at http://0.0.0.0:8000/
Quit the server with CTRL-BREAK.
Performing system checks...

System check identified no issues (0 silenced).
April 04, 2026 - 00:13:19
Django version 5.0.6, using settings 'config.settings.development'
Starting ASGI/Daphne version 4.1.2 development server at http://0.0.0.0:8000/
Quit the server with CTRL-BREAK.
Performing system checks...

System check identified no issues (0 silenced).
April 04, 2026 - 00:13:26
Django version 5.0.6, using settings 'config.settings.development'
Starting ASGI/Daphne version 4.1.2 development server at http://0.0.0.0:8000/
Quit the server with CTRL-BREAK.
Performing system checks...

System check identified no issues (0 silenced).

You have 1 unapplied migration(s). Your project may not work properly until you apply the migrations for app(s): knowledge_base.
Run 'python manage.py migrate' to apply them.
April 04, 2026 - 00:15:43
Django version 5.0.6, using settings 'config.settings.development'
Starting ASGI/Daphne version 4.1.2 development server at http://0.0.0.0:8000/
Quit the server with CTRL-BREAK.
Performing system checks...

System check identified no issues (0 silenced).

You have 1 unapplied migration(s). Your project may not work properly until you apply the migrations for app(s): knowledge_base.
Run 'python manage.py migrate' to apply them.
April 04, 2026 - 00:15:47
Django version 5.0.6, using settings 'config.settings.development'
Starting ASGI/Daphne version 4.1.2 development server at http://0.0.0.0:8000/
Quit the server with CTRL-BREAK.
Performing system checks...

System check identified no issues (0 silenced).

You have 1 unapplied migration(s). Your project may not work properly until you apply the migrations for app(s): knowledge_base.
Run 'python manage.py migrate' to apply them.
April 04, 2026 - 00:18:30
Django version 5.0.6, using settings 'config.settings.development'
Starting ASGI/Daphne version 4.1.2 development server at http://0.0.0.0:8000/
Quit the server with CTRL-BREAK.
Performing system checks...

System check identified no issues (0 silenced).

You have 1 unapplied migration(s). Your project may not work properly until you apply the migrations for app(s): knowledge_base.
Run 'python manage.py migrate' to apply them.
April 04, 2026 - 00:18:48
Django version 5.0.6, using settings 'config.settings.development'
Starting ASGI/Daphne version 4.1.2 development server at http://0.0.0.0:8000/
Quit the server with CTRL-BREAK.
Performing system checks...

System check identified no issues (0 silenced).

You have 1 unapplied migration(s). Your project may not work properly until you apply the migrations for app(s): knowledge_base.
Run 'python manage.py migrate' to apply them.
April 04, 2026 - 00:18:53
Django version 5.0.6, using settings 'config.settings.development'
Starting ASGI/Daphne version 4.1.2 development server at http://0.0.0.0:8000/
Quit the server with CTRL-BREAK.
Performing system checks...

System check identified no issues (0 silenced).

You have 1 unapplied migration(s). Your project may not work properly until you apply the migrations for app(s): knowledge_base.
Run 'python manage.py migrate' to apply them.
April 04, 2026 - 00:19:12
Django version 5.0.6, using settings 'config.settings.development'
Starting ASGI/Daphne version 4.1.2 development server at http://0.0.0.0:8000/
Quit the server with CTRL-BREAK.
Performing system checks...

System check identified no issues (0 silenced).

You have 1 unapplied migration(s). Your project may not work properly until you apply the migrations for app(s): knowledge_base.
Run 'python manage.py migrate' to apply them.
April 04, 2026 - 00:25:17
Django version 5.0.6, using settings 'config.settings.development'
Starting ASGI/Daphne version 4.1.2 development server at http://0.0.0.0:8000/
Quit the server with CTRL-BREAK.
Performing system checks...

System check identified no issues (0 silenced).

You have 1 unapplied migration(s). Your project may not work properly until you apply the migrations for app(s): knowledge_base.
Run 'python manage.py migrate' to apply them.
April 04, 2026 - 00:30:37
Django version 5.0.6, using settings 'config.settings.development'
Starting ASGI/Daphne version 4.1.2 development server at http://0.0.0.0:8000/
Quit the server with CTRL-BREAK.
Performing system checks...

System check identified no issues (0 silenced).

You have 2 unapplied migration(s). Your project may not work properly until you apply the migrations for app(s): knowledge_base.
Run 'python manage.py migrate' to apply them.
April 04, 2026 - 00:31:58
Django version 5.0.6, using settings 'config.settings.development'
Starting ASGI/Daphne version 4.1.2 development server at http://0.0.0.0:8000/
Quit the server with CTRL-BREAK.
Performing system checks...

System check identified no issues (0 silenced).

You have 2 unapplied migration(s). Your project may not work properly until you apply the migrations for app(s): knowledge_base.
Run 'python manage.py migrate' to apply them.
April 04, 2026 - 00:33:10
Django version 5.0.6, using settings 'config.settings.development'
Starting ASGI/Daphne version 4.1.2 development server at http://0.0.0.0:8000/
Quit the server with CTRL-BREAK.
Performing system checks...

System check identified no issues (0 silenced).

You have 10 unapplied migration(s). Your project may not work properly until you apply the migrations for app(s): accounts, ai_engine, ai_router, billing, campaigns, channels_config, conversations, ecommerce, flows, workspace.
Run 'python manage.py migrate' to apply them.
April 04, 2026 - 19:23:01
Django version 5.0.6, using settings 'config.settings.development'
Starting ASGI/Daphne version 4.1.2 development server at http://0.0.0.0:8000/
Quit the server with CTRL-BREAK.
Performing system checks...

System check identified no issues (0 silenced).

You have 12 unapplied migration(s). Your project may not work properly until you apply the migrations for app(s): accounts, ai_engine, ai_router, analytics, billing, campaigns, channels_config, conversations, ecommerce, flows, knowledge_base, workspace.
Run 'python manage.py migrate' to apply them.
April 04, 2026 - 19:56:36
Django version 5.0.6, using settings 'config.settings.development'
Starting ASGI/Daphne version 4.1.2 development server at http://0.0.0.0:8000/
Quit the server with CTRL-BREAK.
Performing system checks...

System check identified no issues (0 silenced).
April 04, 2026 - 20:40:53
Django version 5.0.6, using settings 'config.settings.development'
Starting ASGI/Daphne version 4.1.2 development server at http://0.0.0.0:8000/
Quit the server with CTRL-BREAK.
Performing system checks...

System check identified no issues (0 silenced).
April 04, 2026 - 20:43:25
Django version 5.0.6, using settings 'config.settings.development'
Starting ASGI/Daphne version 4.1.2 development server at http://0.0.0.0:8000/
Quit the server with CTRL-BREAK.
Performing system checks...

System check identified no issues (0 silenced).
April 04, 2026 - 20:50:53
Django version 5.0.6, using settings 'config.settings.development'
Starting ASGI/Daphne version 4.1.2 development server at http://0.0.0.0:8000/
Quit the server with CTRL-BREAK.
Performing system checks...

System check identified no issues (0 silenced).
April 04, 2026 - 20:52:00
Django version 5.0.6, using settings 'config.settings.development'
Starting ASGI/Daphne version 4.1.2 development server at http://0.0.0.0:8000/
Quit the server with CTRL-BREAK.
